build/app/intermediates/manifest_merge_blame_file/debug/manifest-merger-blame-debug-report.txt
1<?xml version="1.0" encoding="utf-8"?>
2<manifest xmlns:android="http://schemas.android.com/apk/res/android"
3    package="com.example.first_app"
4    android:versionCode="1"
5    android:versionName="1.0.0" >
6
7    <uses-sdk
8        android:minSdkVersion="21"
9        android:targetSdkVersion="30" />
10    <!--
11         The INTERNET permission is required for development. Specifically,
12         the Flutter tool needs it to communicate with the running application
13         to allow setting breakpoints, to provide hot reload, etc.
14    -->
15    <uses-permission android:name="android.permission.INTERNET" />
15-->src\main\AndroidManifest.xml:6:1-63
15-->src\main\AndroidManifest.xml:6:18-60
16    <uses-permission android:name="android.permission.ACCESS_FINE_LOCATION" />
16-->src\main\AndroidManifest.xml:3:5-79
16-->src\main\AndroidManifest.xml:3:22-76
17    <uses-permission android:name="android.permission.ACCESS_BACKGROUND_LOCATION" />
17-->src\main\AndroidManifest.xml:4:5-84
17-->src\main\AndroidManifest.xml:4:22-82
18    <uses-permission android:name="android.permission.WAKE_LOCK" />
18-->src\main\AndroidManifest.xml:5:5-68
18-->src\main\AndroidManifest.xml:5:22-65
19    <uses-permission android:name="android.permission.FOREGROUND_SERVICE" />
19-->src\main\AndroidManifest.xml:7:5-77
19-->src\main\AndroidManifest.xml:7:22-74
20    <uses-permission android:name="android.permission.ACCESS_NETWORK_STATE" /> <!-- Permissions options for the `notification` group -->
20-->[:firebase_messaging] AndroidManifest.xml:11:5-79
20-->[:firebase_messaging] AndroidManifest.xml:11:22-76
21    <uses-permission android:name="android.permission.POST_NOTIFICATIONS" />
21-->[:firebase_messaging] AndroidManifest.xml:13:5-77
21-->[:firebase_messaging] AndroidManifest.xml:13:22-74
22    <uses-permission android:name="android.permission.RECEIVE_BOOT_COMPLETED" />
22-->[:flutter_local_notifications] AndroidManifest.xml:9:5-81
22-->[:flutter_local_notifications] AndroidManifest.xml:9:22-78
23    <uses-permission android:name="android.permission.VIBRATE" />
23-->[:flutter_local_notifications] AndroidManifest.xml:10:5-66
23-->[:flutter_local_notifications] AndroidManifest.xml:10:22-63
24    <uses-permission android:name="android.permission.USE_FULL_SCREEN_INTENT" />
24-->[:flutter_local_notifications] AndroidManifest.xml:11:5-81
24-->[:flutter_local_notifications] AndroidManifest.xml:11:22-78
25    <uses-permission android:name="android.permission.SCHEDULE_EXACT_ALARM" />
25-->[:flutter_local_notifications] AndroidManifest.xml:12:5-79
25-->[:flutter_local_notifications] AndroidManifest.xml:12:22-76
26    <uses-permission android:name="android.permission.ACCESS_COARSE_LOCATION" /> <!-- Required by older versions of Google Play services to create IID tokens -->
26-->[:location] AndroidManifest.xml:9:5-81
26-->[:location] AndroidManifest.xml:9:22-78
27    <uses-permission android:name="com.google.android.c2dm.permission.RECEIVE" />
27-->[com.google.firebase:firebase-messaging:23.3.1] AndroidManifest.xml:26:5-82
27-->[com.google.firebase:firebase-messaging:23.3.1] AndroidManifest.xml:26:22-79
28
29    <queries>
29-->[com.razorpay:checkout:1.6.37] AndroidManifest.xml:10:5-39:15
30        <intent>
30-->[com.razorpay:checkout:1.6.37] AndroidManifest.xml:11:9-17:18
31            <action android:name="android.intent.action.VIEW" />
31-->[com.razorpay:checkout:1.6.37] AndroidManifest.xml:12:13-65
31-->[com.razorpay:checkout:1.6.37] AndroidManifest.xml:12:21-62
32
33            <data
33-->[com.razorpay:checkout:1.6.37] AndroidManifest.xml:14:13-16:38
34                android:mimeType="*/*"
34-->[com.razorpay:checkout:1.6.37] AndroidManifest.xml:15:17-39
35                android:scheme="*" />
35-->[com.razorpay:checkout:1.6.37] AndroidManifest.xml:16:17-35
36        </intent>
37        <intent>
37-->[com.razorpay:checkout:1.6.37] AndroidManifest.xml:18:9-27:18
38            <action android:name="android.intent.action.VIEW" />
38-->[com.razorpay:checkout:1.6.37] AndroidManifest.xml:12:13-65
38-->[com.razorpay:checkout:1.6.37] AndroidManifest.xml:12:21-62
39
40            <category android:name="android.intent.category.BROWSABLE" />
40-->[com.razorpay:checkout:1.6.37] AndroidManifest.xml:21:13-74
40-->[com.razorpay:checkout:1.6.37] AndroidManifest.xml:21:23-71
41
42            <data
42-->[com.razorpay:checkout:1.6.37] AndroidManifest.xml:14:13-16:38
43                android:host="pay"
44                android:mimeType="*/*"
44-->[com.razorpay:checkout:1.6.37] AndroidManifest.xml:15:17-39
45                android:scheme="upi" />
45-->[com.razorpay:checkout:1.6.37] AndroidManifest.xml:16:17-35
46        </intent>
47        <intent>
47-->[com.razorpay:checkout:1.6.37] AndroidManifest.xml:28:9-30:18
48            <action android:name="android.intent.action.MAIN" />
48-->[com.razorpay:checkout:1.6.37] AndroidManifest.xml:29:13-65
48-->[com.razorpay:checkout:1.6.37] AndroidManifest.xml:29:21-62
49        </intent>
50        <intent>
50-->[com.razorpay:checkout:1.6.37] AndroidManifest.xml:31:9-35:18
51            <action android:name="android.intent.action.SEND" />
51-->[com.razorpay:checkout:1.6.37] AndroidManifest.xml:32:13-65
51-->[com.razorpay:checkout:1.6.37] AndroidManifest.xml:32:21-62
52
53            <data android:mimeType="*/*" />
53-->[com.razorpay:checkout:1.6.37] AndroidManifest.xml:14:13-16:38
53-->[com.razorpay:checkout:1.6.37] AndroidManifest.xml:15:17-39
54        </intent>
55        <intent>
55-->[com.razorpay:checkout:1.6.37] AndroidManifest.xml:36:9-38:18
56            <action android:name="rzp.device_token.share" />
56-->[com.razorpay:checkout:1.6.37] AndroidManifest.xml:37:13-61
56-->[com.razorpay:checkout:1.6.37] AndroidManifest.xml:37:21-58
57        </intent>
58
59        <package android:name="com.facebook.katana" /> <!-- Needs to be explicitly declared on Android R+ -->
59-->[com.facebook.android:facebook-common:14.1.1] AndroidManifest.xml:30:9-55
59-->[com.facebook.android:facebook-common:14.1.1] AndroidManifest.xml:30:18-52
60        <package android:name="com.google.android.apps.maps" />
60-->[com.google.android.gms:play-services-maps:18.2.0] AndroidManifest.xml:33:9-64
60-->[com.google.android.gms:play-services-maps:18.2.0] AndroidManifest.xml:33:18-61
61    </queries>
62
63    <uses-permission android:name="com.google.android.gms.permission.AD_ID" />
63-->[com.google.android.gms:play-services-measurement-api:21.5.0] AndroidManifest.xml:25:5-79
63-->[com.google.android.gms:play-services-measurement-api:21.5.0] AndroidManifest.xml:25:22-76
64    <uses-permission android:name="android.permission.ACCESS_ADSERVICES_ATTRIBUTION" />
64-->[com.google.android.gms:play-services-measurement-api:21.5.0] AndroidManifest.xml:26:5-88
64-->[com.google.android.gms:play-services-measurement-api:21.5.0] AndroidManifest.xml:26:22-85
65    <uses-permission android:name="android.permission.ACCESS_ADSERVICES_AD_ID" />
65-->[com.google.android.gms:play-services-measurement-api:21.5.0] AndroidManifest.xml:27:5-82
65-->[com.google.android.gms:play-services-measurement-api:21.5.0] AndroidManifest.xml:27:22-79
66    <uses-permission android:name="com.google.android.finsky.permission.BIND_GET_INSTALL_REFERRER_SERVICE" />
66-->[com.google.android.gms:play-services-measurement:21.5.0] AndroidManifest.xml:26:5-110
66-->[com.google.android.gms:play-services-measurement:21.5.0] AndroidManifest.xml:26:22-107
67
68    <uses-feature
68-->[com.google.android.gms:play-services-maps:18.2.0] AndroidManifest.xml:26:5-28:35
69        android:glEsVersion="0x00020000"
69-->[com.google.android.gms:play-services-maps:18.2.0] AndroidManifest.xml:27:9-41
70        android:required="true" />
70-->[com.google.android.gms:play-services-maps:18.2.0] AndroidManifest.xml:28:9-32
71
72    <permission
72-->[androidx.core:core:1.10.1] AndroidManifest.xml:22:5-24:47
73        android:name="com.example.first_app.DYNAMIC_RECEIVER_NOT_EXPORTED_PERMISSION"
73-->[androidx.core:core:1.10.1] AndroidManifest.xml:23:9-81
74        android:protectionLevel="signature" />
74-->[androidx.core:core:1.10.1] AndroidManifest.xml:24:9-44
75
76    <uses-permission android:name="com.example.first_app.DYNAMIC_RECEIVER_NOT_EXPORTED_PERMISSION" />
76-->[androidx.core:core:1.10.1] AndroidManifest.xml:26:5-97
76-->[androidx.core:core:1.10.1] AndroidManifest.xml:26:22-94
77
78    <application
79        android:name="android.app.Application"
80        android:appComponentFactory="androidx.core.app.CoreComponentFactory"
80-->[androidx.core:core:1.10.1] AndroidManifest.xml:28:18-86
81        android:debuggable="true"
82        android:icon="@mipmap/ic_launcher"
83        android:label="first_app"
84        android:supportsRtl="true" >
84-->[com.facebook.android:facebook-login:14.1.1] AndroidManifest.xml:28:18-44
85        <activity
86            android:name="com.example.first_app.MainActivity"
87            android:configChanges="orientation|keyboardHidden|keyboard|screenSize|smallestScreenSize|locale|layoutDirection|fontScale|screenLayout|density|uiMode"
88            android:exported="true"
89            android:hardwareAccelerated="true"
90            android:launchMode="singleTop"
91            android:theme="@style/LaunchTheme"
92            android:windowSoftInputMode="adjustResize" >
93
94            <!--
95                 Specifies an Android theme to apply to this Activity as soon as
96                 the Android process has started. This theme is visible to the user
97                 while the Flutter UI initializes. After that, this theme continues
98                 to determine the Window background behind the Flutter UI.
99            -->
100            <meta-data
101                android:name="io.flutter.embedding.android.NormalTheme"
102                android:resource="@style/NormalTheme" />
103
104            <intent-filter>
105                <action android:name="android.intent.action.MAIN" />
105-->[com.razorpay:checkout:1.6.37] AndroidManifest.xml:29:13-65
105-->[com.razorpay:checkout:1.6.37] AndroidManifest.xml:29:21-62
106
107                <category android:name="android.intent.category.LAUNCHER" />
108            </intent-filter>
109        </activity>
110        <!--
111             Don't delete the meta-data below.
112             This is used by the Flutter tool to generate GeneratedPluginRegistrant.java
113        -->
114        <meta-data
115            android:name="flutterEmbedding"
116            android:value="2" />
117        <meta-data
118            android:name="com.google.android.geo.API_KEY"
119            android:value="AIzaSyD6icpc6_SIelb5ZPkyC_eNLBTIlNG-Cks" />
120
121        <service
121-->[:firebase_database] AndroidManifest.xml:10:9-14:19
122            android:name="com.google.firebase.components.ComponentDiscoveryService"
122-->[:firebase_database] AndroidManifest.xml:10:18-89
123            android:directBootAware="true"
123-->[com.google.firebase:firebase-common:20.4.2] AndroidManifest.xml:32:13-43
124            android:exported="false" >
124-->[com.google.firebase:firebase-messaging:23.3.1] AndroidManifest.xml:56:13-37
125            <meta-data
125-->[:firebase_database] AndroidManifest.xml:11:13-13:85
126                android:name="com.google.firebase.components:io.flutter.plugins.firebase.database.FlutterFirebaseAppRegistrar"
126-->[:firebase_database] AndroidManifest.xml:12:17-127
127                android:value="com.google.firebase.components.ComponentRegistrar" />
127-->[:firebase_database] AndroidManifest.xml:13:17-82
128            <meta-data
128-->[:cloud_firestore] AndroidManifest.xml:11:13-13:85
129                android:name="com.google.firebase.components:io.flutter.plugins.firebase.firestore.FlutterFirebaseFirestoreRegistrar"
129-->[:cloud_firestore] AndroidManifest.xml:12:17-134
130                android:value="com.google.firebase.components.ComponentRegistrar" />
130-->[:cloud_firestore] AndroidManifest.xml:13:17-82
131            <meta-data
131-->[:firebase_auth] AndroidManifest.xml:11:13-13:85
132                android:name="com.google.firebase.components:io.flutter.plugins.firebase.auth.FlutterFirebaseAuthRegistrar"
132-->[:firebase_auth] AndroidManifest.xml:12:17-124
133                android:value="com.google.firebase.components.ComponentRegistrar" />
133-->[:firebase_auth] AndroidManifest.xml:13:17-82
134            <meta-data
134-->[:firebase_storage] AndroidManifest.xml:11:13-13:85
135                android:name="com.google.firebase.components:io.flutter.plugins.firebase.storage.FlutterFirebaseAppRegistrar"
135-->[:firebase_storage] AndroidManifest.xml:12:17-126
136                android:value="com.google.firebase.components.ComponentRegistrar" />
136-->[:firebase_storage] AndroidManifest.xml:13:17-82
137            <meta-data
137-->[:firebase_messaging] AndroidManifest.xml:38:13-40:85
138                android:name="com.google.firebase.components:io.flutter.plugins.firebase.messaging.FlutterFirebaseAppRegistrar"
138-->[:firebase_messaging] AndroidManifest.xml:39:17-128
139                android:value="com.google.firebase.components.ComponentRegistrar" />
139-->[:firebase_messaging] AndroidManifest.xml:40:17-82
140            <meta-data
140-->[:firebase_core] AndroidManifest.xml:11:13-13:85
141                android:name="com.google.firebase.components:io.flutter.plugins.firebase.core.FlutterFirebaseCoreRegistrar"
141-->[:firebase_core] AndroidManifest.xml:12:17-124
142                android:value="com.google.firebase.components.ComponentRegistrar" />
142-->[:firebase_core] AndroidManifest.xml:13:17-82
143            <meta-data
143-->[com.google.firebase:firebase-messaging:23.3.1] AndroidManifest.xml:57:13-59:85
144                android:name="com.google.firebase.components:com.google.firebase.messaging.FirebaseMessagingKtxRegistrar"
144-->[com.google.firebase:firebase-messaging:23.3.1] AndroidManifest.xml:58:17-122
145                android:value="com.google.firebase.components.ComponentRegistrar" />
145-->[com.google.firebase:firebase-messaging:23.3.1] AndroidManifest.xml:59:17-82
146            <meta-data
146-->[com.google.firebase:firebase-messaging:23.3.1] AndroidManifest.xml:60:13-62:85
147                android:name="com.google.firebase.components:com.google.firebase.messaging.FirebaseMessagingRegistrar"
147-->[com.google.firebase:firebase-messaging:23.3.1] AndroidManifest.xml:61:17-119
148                android:value="com.google.firebase.components.ComponentRegistrar" />
148-->[com.google.firebase:firebase-messaging:23.3.1] AndroidManifest.xml:62:17-82
149            <meta-data
149-->[com.google.android.gms:play-services-measurement-api:21.5.0] AndroidManifest.xml:37:13-39:85
150                android:name="com.google.firebase.components:com.google.firebase.analytics.connector.internal.AnalyticsConnectorRegistrar"
150-->[com.google.android.gms:play-services-measurement-api:21.5.0] AndroidManifest.xml:38:17-139
151                android:value="com.google.firebase.components.ComponentRegistrar" />
151-->[com.google.android.gms:play-services-measurement-api:21.5.0] AndroidManifest.xml:39:17-82
152            <meta-data
152-->[com.google.firebase:firebase-database:20.3.0] AndroidManifest.xml:29:13-31:85
153                android:name="com.google.firebase.components:com.google.firebase.database.FirebaseDatabaseKtxRegistrar"
153-->[com.google.firebase:firebase-database:20.3.0] AndroidManifest.xml:30:17-120
154                android:value="com.google.firebase.components.ComponentRegistrar" />
154-->[com.google.firebase:firebase-database:20.3.0] AndroidManifest.xml:31:17-82
155            <meta-data
155-->[com.google.firebase:firebase-database:20.3.0] AndroidManifest.xml:32:13-34:85
156                android:name="com.google.firebase.components:com.google.firebase.database.DatabaseRegistrar"
156-->[com.google.firebase:firebase-database:20.3.0] AndroidManifest.xml:33:17-109
157                android:value="com.google.firebase.components.ComponentRegistrar" />
157-->[com.google.firebase:firebase-database:20.3.0] AndroidManifest.xml:34:17-82
158            <meta-data
158-->[com.google.firebase:firebase-firestore:24.9.1] AndroidManifest.xml:17:13-19:85
159                android:name="com.google.firebase.components:com.google.firebase.firestore.FirebaseFirestoreKtxRegistrar"
159-->[com.google.firebase:firebase-firestore:24.9.1] AndroidManifest.xml:18:17-122
160                android:value="com.google.firebase.components.ComponentRegistrar" />
160-->[com.google.firebase:firebase-firestore:24.9.1] AndroidManifest.xml:19:17-82
161            <meta-data
161-->[com.google.firebase:firebase-firestore:24.9.1] AndroidManifest.xml:20:13-22:85
162                android:name="com.google.firebase.components:com.google.firebase.firestore.FirestoreRegistrar"
162-->[com.google.firebase:firebase-firestore:24.9.1] AndroidManifest.xml:21:17-111
163                android:value="com.google.firebase.components.ComponentRegistrar" />
163-->[com.google.firebase:firebase-firestore:24.9.1] AndroidManifest.xml:22:17-82
164            <meta-data
164-->[com.google.firebase:firebase-auth:22.3.0] AndroidManifest.xml:69:13-71:85
165                android:name="com.google.firebase.components:com.google.firebase.auth.FirebaseAuthRegistrar"
165-->[com.google.firebase:firebase-auth:22.3.0] AndroidManifest.xml:70:17-109
166                android:value="com.google.firebase.components.ComponentRegistrar" />
166-->[com.google.firebase:firebase-auth:22.3.0] AndroidManifest.xml:71:17-82
167            <meta-data
167-->[com.google.firebase:firebase-storage:20.3.0] AndroidManifest.xml:30:13-32:85
168                android:name="com.google.firebase.components:com.google.firebase.storage.FirebaseStorageKtxRegistrar"
168-->[com.google.firebase:firebase-storage:20.3.0] AndroidManifest.xml:31:17-118
169                android:value="com.google.firebase.components.ComponentRegistrar" />
169-->[com.google.firebase:firebase-storage:20.3.0] AndroidManifest.xml:32:17-82
170            <meta-data
170-->[com.google.firebase:firebase-storage:20.3.0] AndroidManifest.xml:33:13-35:85
171                android:name="com.google.firebase.components:com.google.firebase.storage.StorageRegistrar"
171-->[com.google.firebase:firebase-storage:20.3.0] AndroidManifest.xml:34:17-107
172                android:value="com.google.firebase.components.ComponentRegistrar" />
172-->[com.google.firebase:firebase-storage:20.3.0] AndroidManifest.xml:35:17-82
173            <meta-data
173-->[com.google.firebase:firebase-iid:21.1.0] AndroidManifest.xml:32:13-34:85
174                android:name="com.google.firebase.components:com.google.firebase.iid.Registrar"
174-->[com.google.firebase:firebase-iid:21.1.0] AndroidManifest.xml:33:17-96
175                android:value="com.google.firebase.components.ComponentRegistrar" />
175-->[com.google.firebase:firebase-iid:21.1.0] AndroidManifest.xml:34:17-82
176            <meta-data
176-->[com.google.firebase:firebase-installations:17.2.0] AndroidManifest.xml:15:13-17:85
177                android:name="com.google.firebase.components:com.google.firebase.installations.FirebaseInstallationsKtxRegistrar"
177-->[com.google.firebase:firebase-installations:17.2.0] AndroidManifest.xml:16:17-130
178                android:value="com.google.firebase.components.ComponentRegistrar" />
178-->[com.google.firebase:firebase-installations:17.2.0] AndroidManifest.xml:17:17-82
179            <meta-data
179-->[com.google.firebase:firebase-installations:17.2.0] AndroidManifest.xml:18:13-20:85
180                android:name="com.google.firebase.components:com.google.firebase.installations.FirebaseInstallationsRegistrar"
180-->[com.google.firebase:firebase-installations:17.2.0] AndroidManifest.xml:19:17-127
181                android:value="com.google.firebase.components.ComponentRegistrar" />
181-->[com.google.firebase:firebase-installations:17.2.0] AndroidManifest.xml:20:17-82
182            <meta-data
182-->[com.google.firebase:firebase-appcheck:17.1.1] AndroidManifest.xml:25:13-27:85
183                android:name="com.google.firebase.components:com.google.firebase.appcheck.FirebaseAppCheckKtxRegistrar"
183-->[com.google.firebase:firebase-appcheck:17.1.1] AndroidManifest.xml:26:17-120
184                android:value="com.google.firebase.components.ComponentRegistrar" />
184-->[com.google.firebase:firebase-appcheck:17.1.1] AndroidManifest.xml:27:17-82
185            <meta-data
185-->[com.google.firebase:firebase-appcheck:17.1.1] AndroidManifest.xml:28:13-30:85
186                android:name="com.google.firebase.components:com.google.firebase.appcheck.FirebaseAppCheckRegistrar"
186-->[com.google.firebase:firebase-appcheck:17.1.1] AndroidManifest.xml:29:17-117
187                android:value="com.google.firebase.components.ComponentRegistrar" />
187-->[com.google.firebase:firebase-appcheck:17.1.1] AndroidManifest.xml:30:17-82
188            <meta-data
188-->[com.google.firebase:firebase-common-ktx:20.4.2] AndroidManifest.xml:12:13-14:85
189                android:name="com.google.firebase.components:com.google.firebase.ktx.FirebaseCommonLegacyRegistrar"
189-->[com.google.firebase:firebase-common-ktx:20.4.2] AndroidManifest.xml:13:17-116
190                android:value="com.google.firebase.components.ComponentRegistrar" />
190-->[com.google.firebase:firebase-common-ktx:20.4.2] AndroidManifest.xml:14:17-82
191            <meta-data
191-->[com.google.firebase:firebase-common:20.4.2] AndroidManifest.xml:35:13-37:85
192                android:name="com.google.firebase.components:com.google.firebase.FirebaseCommonKtxRegistrar"
192-->[com.google.firebase:firebase-common:20.4.2] AndroidManifest.xml:36:17-109
193                android:value="com.google.firebase.components.ComponentRegistrar" />
193-->[com.google.firebase:firebase-common:20.4.2] AndroidManifest.xml:37:17-82
194            <meta-data
194-->[com.google.firebase:firebase-datatransport:18.1.7] AndroidManifest.xml:27:13-29:85
195                android:name="com.google.firebase.components:com.google.firebase.datatransport.TransportRegistrar"
195-->[com.google.firebase:firebase-datatransport:18.1.7] AndroidManifest.xml:28:17-115
196                android:value="com.google.firebase.components.ComponentRegistrar" />
196-->[com.google.firebase:firebase-datatransport:18.1.7] AndroidManifest.xml:29:17-82
197        </service>
198        <service
198-->[:firebase_messaging] AndroidManifest.xml:16:9-19:72
199            android:name="io.flutter.plugins.firebase.messaging.FlutterFirebaseMessagingBackgroundService"
199-->[:firebase_messaging] AndroidManifest.xml:17:13-107
200            android:exported="false"
200-->[:firebase_messaging] AndroidManifest.xml:18:13-37
201            android:permission="android.permission.BIND_JOB_SERVICE" />
201-->[:firebase_messaging] AndroidManifest.xml:19:13-69
202        <service
202-->[:firebase_messaging] AndroidManifest.xml:20:9-26:19
203            android:name="io.flutter.plugins.firebase.messaging.FlutterFirebaseMessagingService"
203-->[:firebase_messaging] AndroidManifest.xml:21:13-97
204            android:exported="false" >
204-->[:firebase_messaging] AndroidManifest.xml:22:13-37
205            <intent-filter>
205-->[:firebase_messaging] AndroidManifest.xml:23:13-25:29
206                <action android:name="com.google.firebase.MESSAGING_EVENT" />
206-->[:firebase_messaging] AndroidManifest.xml:24:17-78
206-->[:firebase_messaging] AndroidManifest.xml:24:25-75
207            </intent-filter>
208        </service>
209
210        <receiver
210-->[:firebase_messaging] AndroidManifest.xml:28:9-35:20
211            android:name="io.flutter.plugins.firebase.messaging.FlutterFirebaseMessagingReceiver"
211-->[:firebase_messaging] AndroidManifest.xml:29:13-98
212            android:exported="true"
212-->[:firebase_messaging] AndroidManifest.xml:30:13-36
213            android:permission="com.google.android.c2dm.permission.SEND" >
213-->[:firebase_messaging] AndroidManifest.xml:31:13-73
214            <intent-filter>
214-->[:firebase_messaging] AndroidManifest.xml:32:13-34:29
215                <action android:name="com.google.android.c2dm.intent.RECEIVE" />
215-->[:firebase_messaging] AndroidManifest.xml:33:17-81
215-->[:firebase_messaging] AndroidManifest.xml:33:25-78
216            </intent-filter>
217        </receiver>
218
219        <provider
219-->[:firebase_messaging] AndroidManifest.xml:43:9-47:38
220            android:name="io.flutter.plugins.firebase.messaging.FlutterFirebaseMessagingInitProvider"
220-->[:firebase_messaging] AndroidManifest.xml:44:13-102
221            android:authorities="com.example.first_app.flutterfirebasemessaginginitprovider"
221-->[:firebase_messaging] AndroidManifest.xml:45:13-88
222            android:exported="false"
222-->[:firebase_messaging] AndroidManifest.xml:46:13-37
223            android:initOrder="99" />
223-->[:firebase_messaging] AndroidManifest.xml:47:13-35
224
225        <service
225-->[:geolocator_android] AndroidManifest.xml:10:9-14:56
226            android:name="com.baseflow.geolocator.GeolocatorLocationService"
226-->[:geolocator_android] AndroidManifest.xml:11:13-77
227            android:enabled="true"
227-->[:geolocator_android] AndroidManifest.xml:12:13-35
228            android:exported="false"
228-->[:geolocator_android] AndroidManifest.xml:13:13-37
229            android:foregroundServiceType="location" />
229-->[:geolocator_android] AndroidManifest.xml:14:13-53
230
231        <receiver
231-->[:flutter_local_notifications] AndroidManifest.xml:16:9-18:40
232            android:name="com.dexterous.flutterlocalnotifications.ActionBroadcastReceiver"
232-->[:flutter_local_notifications] AndroidManifest.xml:17:13-91
233            android:exported="false" />
233-->[:flutter_local_notifications] AndroidManifest.xml:18:13-37
234        <receiver
234-->[:flutter_local_notifications] AndroidManifest.xml:19:9-21:40
235            android:name="com.dexterous.flutterlocalnotifications.ScheduledNotificationReceiver"
235-->[:flutter_local_notifications] AndroidManifest.xml:20:13-97
236            android:exported="false" />
236-->[:flutter_local_notifications] AndroidManifest.xml:21:13-37
237        <receiver
237-->[:flutter_local_notifications] AndroidManifest.xml:22:9-31:20
238            android:name="com.dexterous.flutterlocalnotifications.ScheduledNotificationBootReceiver"
238-->[:flutter_local_notifications] AndroidManifest.xml:23:13-101
239            android:exported="false" >
239-->[:flutter_local_notifications] AndroidManifest.xml:24:13-37
240            <intent-filter>
240-->[:flutter_local_notifications] AndroidManifest.xml:25:13-30:29
241                <action android:name="android.intent.action.BOOT_COMPLETED" />
241-->[:flutter_local_notifications] AndroidManifest.xml:26:17-79
241-->[:flutter_local_notifications] AndroidManifest.xml:26:25-76
242                <action android:name="android.intent.action.MY_PACKAGE_REPLACED" />
242-->[:flutter_local_notifications] AndroidManifest.xml:27:17-84
242-->[:flutter_local_notifications] AndroidManifest.xml:27:25-81
243                <action android:name="android.intent.action.QUICKBOOT_POWERON" />
243-->[:flutter_local_notifications] AndroidManifest.xml:28:17-82
243-->[:flutter_local_notifications] AndroidManifest.xml:28:25-79
244                <action android:name="com.htc.intent.action.QUICKBOOT_POWERON" />
244-->[:flutter_local_notifications] AndroidManifest.xml:29:17-82
244-->[:flutter_local_notifications] AndroidManifest.xml:29:25-79
245            </intent-filter>
246        </receiver>
247
248        <activity
248-->[:url_launcher_android] AndroidManifest.xml:10:9-13:74
249            android:name="io.flutter.plugins.urllauncher.WebViewActivity"
249-->[:url_launcher_android] AndroidManifest.xml:11:13-74
250            android:exported="false"
250-->[:url_launcher_android] AndroidManifest.xml:12:13-37
251            android:theme="@android:style/Theme.NoTitleBar.Fullscreen" />
251-->[:url_launcher_android] AndroidManifest.xml:13:13-71
252
253        <meta-data
253-->[:pay_android] AndroidManifest.xml:25:9-27:36
254            android:name="com.google.android.gms.wallet.api.enabled"
254-->[:pay_android] AndroidManifest.xml:26:13-69
255            android:value="true" />
255-->[:pay_android] AndroidManifest.xml:27:13-33
256
257        <service
257-->[:location] AndroidManifest.xml:13:9-17:56
258            android:name="com.lyokone.location.FlutterLocationService"
258-->[:location] AndroidManifest.xml:14:13-71
259            android:enabled="true"
259-->[:location] AndroidManifest.xml:15:13-35
260            android:exported="false"
260-->[:location] AndroidManifest.xml:16:13-37
261            android:foregroundServiceType="location" />
261-->[:location] AndroidManifest.xml:17:13-53
262
263        <receiver
263-->[com.google.firebase:firebase-messaging:23.3.1] AndroidManifest.xml:29:9-40:20
264            android:name="com.google.firebase.iid.FirebaseInstanceIdReceiver"
264-->[com.google.firebase:firebase-messaging:23.3.1] AndroidManifest.xml:30:13-78
265            android:exported="true"
265-->[com.google.firebase:firebase-messaging:23.3.1] AndroidManifest.xml:31:13-36
266            android:permission="com.google.android.c2dm.permission.SEND" >
266-->[com.google.firebase:firebase-messaging:23.3.1] AndroidManifest.xml:32:13-73
267            <intent-filter>
267-->[:firebase_messaging] AndroidManifest.xml:32:13-34:29
268                <action android:name="com.google.android.c2dm.intent.RECEIVE" />
268-->[:firebase_messaging] AndroidManifest.xml:33:17-81
268-->[:firebase_messaging] AndroidManifest.xml:33:25-78
269            </intent-filter>
270
271            <meta-data
271-->[com.google.firebase:firebase-messaging:23.3.1] AndroidManifest.xml:37:13-39:40
272                android:name="com.google.android.gms.cloudmessaging.FINISHED_AFTER_HANDLED"
272-->[com.google.firebase:firebase-messaging:23.3.1] AndroidManifest.xml:38:17-92